[     671ms] [LOG] %c[Vercel Speed Insights]%c [vitals] color: rgb(120, 120, 120) color: inherit {speed: 4g, metrics: Array(3), scriptVersion: 0.1.3, sdkName: @vercel/speed-insights/next, sdkVersion: 1.3.1} /_vercel/speed-insights/vitals @ https://va.vercel-scripts.com/v1/speed-insights/script.debug.js:0
[     671ms] [LOG] %c[Vercel Speed Insights]%c [vitals] color: rgb(120, 120, 120) color: inherit {speed: 4g, metrics: Array(1), scriptVersion: 0.1.3, sdkName: @vercel/speed-insights/next, sdkVersion: 1.3.1} /_vercel/speed-insights/vitals @ https://va.vercel-scripts.com/v1/speed-insights/script.debug.js:0
[    1133ms] [INFO] %cDownload the React DevTools for a better development experience: https://react.dev/link/react-devtools font-weight:bold @ webpack-internal:///(app-pages-browser)/./node_modules/next/dist/compiled/react-dom/cjs/react-dom-client.development.js:25630
[    1377ms] [LOG] %c[Vercel Web Analytics]%c Debug mode is enabled by default in development. No requests will be sent to the server. color: rgb(120, 120, 120) color: inherit @ https://va.vercel-scripts.com/v1/script.debug.js:0
[    1378ms] [LOG] %c[Vercel Web Analytics]%c Running queued event color: rgb(120, 120, 120) color: inherit pageview {route: /dashboard/properties, path: /dashboard/properties} @ https://va.vercel-scripts.com/v1/script.debug.js:0
[    1378ms] [LOG] %c[Vercel Web Analytics]%c [view] http://localhost:3000/dashboard/properties color: rgb(120, 120, 120) color: inherit {o: http://localhost:3000/dashboard/properties, sv: 0.1.3, sdkn: @vercel/analytics/next, sdkv: 1.3.1, ts: 1776429309334} /_vercel/insights/view @ https://va.vercel-scripts.com/v1/script.debug.js:0
[    1378ms] [LOG] %c[Vercel Speed Insights]%c Debug mode is enabled by default in development. No requests will be sent to the server. color: rgb(120, 120, 120) color: inherit @ https://va.vercel-scripts.com/v1/speed-insights/script.debug.js:0
[    3979ms] [WARNING] Image with src "https://kegbfovpvsabcynekmxq.supabase.co/storage/v1/object/public/property-images/63a0ad4d-9b1b-4b96-929d-d77eb3ba7360/1776064650918_Cocina2.jpg" is using quality "60" which is not configured in images.qualities. This config will be required starting in Next.js 16.
Read more: https://nextjs.org/docs/messages/next-image-unconfigured-qualities @ webpack-internal:///(app-pages-browser)/./node_modules/next/dist/shared/lib/utils/warn-once.js:15
[    4002ms] [WARNING] Image with src "https://kegbfovpvsabcynekmxq.supabase.co/storage/v1/object/public/property-images/63a0ad4d-9b1b-4b96-929d-d77eb3ba7360/1775661988825_IMG_20260221_150355.jpg" is using quality "60" which is not configured in images.qualities. This config will be required starting in Next.js 16.
Read more: https://nextjs.org/docs/messages/next-image-unconfigured-qualities @ webpack-internal:///(app-pages-browser)/./node_modules/next/dist/shared/lib/utils/warn-once.js:15
[    4011ms] [WARNING] Image with src "https://kegbfovpvsabcynekmxq.supabase.co/storage/v1/object/public/property-images/63a0ad4d-9b1b-4b96-929d-d77eb3ba7360/1774097340367_images.jpg" is using quality "60" which is not configured in images.qualities. This config will be required starting in Next.js 16.
Read more: https://nextjs.org/docs/messages/next-image-unconfigured-qualities @ webpack-internal:///(app-pages-browser)/./node_modules/next/dist/shared/lib/utils/warn-once.js:15
[    4018ms] [WARNING] Image with src "https://kegbfovpvsabcynekmxq.supabase.co/storage/v1/object/public/property-images/63a0ad4d-9b1b-4b96-929d-d77eb3ba7360/1773052376726_jardines2.jpg" is using quality "60" which is not configured in images.qualities. This config will be required starting in Next.js 16.
Read more: https://nextjs.org/docs/messages/next-image-unconfigured-qualities @ webpack-internal:///(app-pages-browser)/./node_modules/next/dist/shared/lib/utils/warn-once.js:15
[    4026ms] [WARNING] Image with src "https://kegbfovpvsabcynekmxq.supabase.co/storage/v1/object/public/property-images/63a0ad4d-9b1b-4b96-929d-d77eb3ba7360/1772655283885_Terraza luminosa con detalles coloridos.png" is using quality "60" which is not configured in images.qualities. This config will be required starting in Next.js 16.
Read more: https://nextjs.org/docs/messages/next-image-unconfigured-qualities @ webpack-internal:///(app-pages-browser)/./node_modules/next/dist/shared/lib/utils/warn-once.js:15
[    4030ms] [WARNING] Image with src "https://kegbfovpvsabcynekmxq.supabase.co/storage/v1/object/public/property-images/63a0ad4d-9b1b-4b96-929d-d77eb3ba7360/1772435416417_jardines2.jpg" is using quality "60" which is not configured in images.qualities. This config will be required starting in Next.js 16.
Read more: https://nextjs.org/docs/messages/next-image-unconfigured-qualities @ webpack-internal:///(app-pages-browser)/./node_modules/next/dist/shared/lib/utils/warn-once.js:15
[    4036ms] [WARNING] Image with src "https://kegbfovpvsabcynekmxq.supabase.co/storage/v1/object/public/property-images/63a0ad4d-9b1b-4b96-929d-d77eb3ba7360/1772221142025_detalles1.jpg" is using quality "60" which is not configured in images.qualities. This config will be required starting in Next.js 16.
Read more: https://nextjs.org/docs/messages/next-image-unconfigured-qualities @ webpack-internal:///(app-pages-browser)/./node_modules/next/dist/shared/lib/utils/warn-once.js:15
[    4042ms] [WARNING] Image with src "https://kegbfovpvsabcynekmxq.supabase.co/storage/v1/object/public/property-images/63a0ad4d-9b1b-4b96-929d-d77eb3ba7360/1772218957127_teletrabajo.jpg" is using quality "60" which is not configured in images.qualities. This config will be required starting in Next.js 16.
Read more: https://nextjs.org/docs/messages/next-image-unconfigured-qualities @ webpack-internal:///(app-pages-browser)/./node_modules/next/dist/shared/lib/utils/warn-once.js:15
[    4047ms] [WARNING] Image with src "https://kegbfovpvsabcynekmxq.supabase.co/storage/v1/object/public/property-images/63a0ad4d-9b1b-4b96-929d-d77eb3ba7360/1772105468911_1000050694.jpg" is using quality "60" which is not configured in images.qualities. This config will be required starting in Next.js 16.
Read more: https://nextjs.org/docs/messages/next-image-unconfigured-qualities @ webpack-internal:///(app-pages-browser)/./node_modules/next/dist/shared/lib/utils/warn-once.js:15
[    4053ms] [WARNING] Image with src "https://kegbfovpvsabcynekmxq.supabase.co/storage/v1/object/public/property-images/63a0ad4d-9b1b-4b96-929d-d77eb3ba7360/1771951759084_IMG_20211208_094537.jpg" is using quality "60" which is not configured in images.qualities. This config will be required starting in Next.js 16.
Read more: https://nextjs.org/docs/messages/next-image-unconfigured-qualities @ webpack-internal:///(app-pages-browser)/./node_modules/next/dist/shared/lib/utils/warn-once.js:15
[    4069ms] [WARNING] Image with src "https://kegbfovpvsabcynekmxq.supabase.co/storage/v1/object/public/property-images/63a0ad4d-9b1b-4b96-929d-d77eb3ba7360/1772686897834_IMG_20250515_110415.jpg" is using quality "60" which is not configured in images.qualities. This config will be required starting in Next.js 16.
Read more: https://nextjs.org/docs/messages/next-image-unconfigured-qualities @ webpack-internal:///(app-pages-browser)/./node_modules/next/dist/shared/lib/utils/warn-once.js:15
[    4083ms] [WARNING] Image with src "https://kegbfovpvsabcynekmxq.supabase.co/storage/v1/object/public/property-images/63a0ad4d-9b1b-4b96-929d-d77eb3ba7360/1771684117009_994276336.jpg" is using quality "60" which is not configured in images.qualities. This config will be required starting in Next.js 16.
Read more: https://nextjs.org/docs/messages/next-image-unconfigured-qualities @ webpack-internal:///(app-pages-browser)/./node_modules/next/dist/shared/lib/utils/warn-once.js:15
[    4088ms] [WARNING] Image with src "https://kegbfovpvsabcynekmxq.supabase.co/storage/v1/object/public/property-images/63a0ad4d-9b1b-4b96-929d-d77eb3ba7360/1771657296241_548622164.avif" is using quality "60" which is not configured in images.qualities. This config will be required starting in Next.js 16.
Read more: https://nextjs.org/docs/messages/next-image-unconfigured-qualities @ webpack-internal:///(app-pages-browser)/./node_modules/next/dist/shared/lib/utils/warn-once.js:15
[    4095ms] [WARNING] Image with src "https://kegbfovpvsabcynekmxq.supabase.co/storage/v1/object/public/property-images/63a0ad4d-9b1b-4b96-929d-d77eb3ba7360/1771655134003_994276320.jpg" is using quality "60" which is not configured in images.qualities. This config will be required starting in Next.js 16.
Read more: https://nextjs.org/docs/messages/next-image-unconfigured-qualities @ webpack-internal:///(app-pages-browser)/./node_modules/next/dist/shared/lib/utils/warn-once.js:15
[    4099ms] [WARNING] Image with src "https://kegbfovpvsabcynekmxq.supabase.co/storage/v1/object/public/property-images/63a0ad4d-9b1b-4b96-929d-d77eb3ba7360/1771272735312_dprincipal2.jpg" is using quality "60" which is not configured in images.qualities. This config will be required starting in Next.js 16.
Read more: https://nextjs.org/docs/messages/next-image-unconfigured-qualities @ webpack-internal:///(app-pages-browser)/./node_modules/next/dist/shared/lib/utils/warn-once.js:15
[    4105ms] [WARNING] Image with src "https://kegbfovpvsabcynekmxq.supabase.co/storage/v1/object/public/property-images/63a0ad4d-9b1b-4b96-929d-d77eb3ba7360/1771168679859_IMG_20211208_094537.jpg" is using quality "60" which is not configured in images.qualities. This config will be required starting in Next.js 16.
Read more: https://nextjs.org/docs/messages/next-image-unconfigured-qualities @ webpack-internal:///(app-pages-browser)/./node_modules/next/dist/shared/lib/utils/warn-once.js:15
[    4119ms] [WARNING] Image with src "https://kegbfovpvsabcynekmxq.supabase.co/storage/v1/object/public/property-images/63a0ad4d-9b1b-4b96-929d-d77eb3ba7360/1771168322851_urba1.jpg" is using quality "60" which is not configured in images.qualities. This config will be required starting in Next.js 16.
Read more: https://nextjs.org/docs/messages/next-image-unconfigured-qualities @ webpack-internal:///(app-pages-browser)/./node_modules/next/dist/shared/lib/utils/warn-once.js:15
[    4124ms] [WARNING] Image with src "https://kegbfovpvsabcynekmxq.supabase.co/storage/v1/object/public/property-images/63a0ad4d-9b1b-4b96-929d-d77eb3ba7360/1771167958494_terraza1.jpg" is using quality "60" which is not configured in images.qualities. This config will be required starting in Next.js 16.
Read more: https://nextjs.org/docs/messages/next-image-unconfigured-qualities @ webpack-internal:///(app-pages-browser)/./node_modules/next/dist/shared/lib/utils/warn-once.js:15
[    4130ms] [WARNING] Image with src "https://kegbfovpvsabcynekmxq.supabase.co/storage/v1/object/public/property-images/63a0ad4d-9b1b-4b96-929d-d77eb3ba7360/1770996722224_Terraza luminosa con detalles coloridos.png" is using quality "60" which is not configured in images.qualities. This config will be required starting in Next.js 16.
Read more: https://nextjs.org/docs/messages/next-image-unconfigured-qualities @ webpack-internal:///(app-pages-browser)/./node_modules/next/dist/shared/lib/utils/warn-once.js:15
[    4138ms] [WARNING] Image with src "https://kegbfovpvsabcynekmxq.supabase.co/storage/v1/object/public/property-images/63a0ad4d-9b1b-4b96-929d-d77eb3ba7360/1770388392168_IMG_20250515_110415.jpg" is using quality "60" which is not configured in images.qualities. This config will be required starting in Next.js 16.
Read more: https://nextjs.org/docs/messages/next-image-unconfigured-qualities @ webpack-internal:///(app-pages-browser)/./node_modules/next/dist/shared/lib/utils/warn-once.js:15
[   73425ms] [LOG] [Fast Refresh] rebuilding @ webpack-internal:///(app-pages-browser)/./node_modules/next/dist/client/dev/hot-reloader/app/hot-reloader-app.js:196
[   74241ms] [LOG] [Fast Refresh] done in 816ms @ webpack-internal:///(app-pages-browser)/./node_modules/next/dist/client/dev/report-hmr-latency.js:13
