[     691ms] [LOG] %c[Vercel Speed Insights]%c [vitals] color: rgb(120, 120, 120) color: inherit {speed: 4g, metrics: Array(3), scriptVersion: 0.1.3, sdkName: @vercel/speed-insights/next, sdkVersion: 1.3.1} /_vercel/speed-insights/vitals @ https://va.vercel-scripts.com/v1/speed-insights/script.debug.js:0
[     691ms] [LOG] %c[Vercel Speed Insights]%c [vitals] color: rgb(120, 120, 120) color: inherit {speed: 4g, metrics: Array(1), scriptVersion: 0.1.3, sdkName: @vercel/speed-insights/next, sdkVersion: 1.3.1} /_vercel/speed-insights/vitals @ https://va.vercel-scripts.com/v1/speed-insights/script.debug.js:0
[    1529ms] [INFO] %cDownload the React DevTools for a better development experience: https://react.dev/link/react-devtools font-weight:bold @ webpack-internal:///(app-pages-browser)/./node_modules/next/dist/compiled/react-dom/cjs/react-dom-client.development.js:25630
[    1980ms] [LOG] %c[Vercel Web Analytics]%c Debug mode is enabled by default in development. No requests will be sent to the server. color: rgb(120, 120, 120) color: inherit @ https://va.vercel-scripts.com/v1/script.debug.js:0
[    1980ms] [LOG] %c[Vercel Web Analytics]%c Running queued event color: rgb(120, 120, 120) color: inherit pageview {route: /dashboard/properties/[id]/setup, path: /dashboard/properties/ea80d2ce-4085-4020-80a5-10d1cd1f3b02/setup} @ https://va.vercel-scripts.com/v1/script.debug.js:0
[    1980ms] [LOG] %c[Vercel Web Analytics]%c [view] http://localhost:3000/dashboard/properties/ea80d2ce-4085-4020-80a5-10d1cd1f3b02/setup?tab=access color: rgb(120, 120, 120) color: inherit {o: http://localhost:3000/dashboard/properties/ea80d2ce-4085-4020-80a5-10d1cd1f3b02/setup?tab=access, sv: 0.1.3, sdkn: @vercel/analytics/next, sdkv: 1.3.1, ts: 1776430761979} /_vercel/insights/view @ https://va.vercel-scripts.com/v1/script.debug.js:0
[    1980ms] [LOG] %c[Vercel Speed Insights]%c Debug mode is enabled by default in development. No requests will be sent to the server. color: rgb(120, 120, 120) color: inherit @ https://va.vercel-scripts.com/v1/speed-insights/script.debug.js:0
[    4529ms] [LOG] [DEBUG][handleAIFill] Sending payload for transport: {
  "propertyId": "ea80d2ce-4085-4020-80a5-10d1cd1f3b02",
  "section": "transport",
  "existingData": {
    "address": "Avenida de la Alcazaba, 115, Vera, Almeria",
    "coordinates": {
      "lat": 37.219773,
      "lng": -1.824039,
      "city": "Vera",
      "country": "Spain",
      "countryCode": "ES",
      "postalCode": "04621",
      "timezone": "Europe/Madrid",
      "confidence": 0.8,
      "accuracy": "rooftop",
      "source": "mapbox",
      "formattedAddress": "Avenida de la Alcazaba, 115, Vera, Almeria"
    },
    "propertyParking": {
      "has_parking": true,
      "parking_number": "285"
    }
  }
} @ webpack-internal:///(app-pages-browser)/./components/dashboard/wizard/WizardContext.tsx:939
[    6217ms] [LOG] [Fast Refresh] rebuilding @ webpack-internal:///(app-pages-browser)/./node_modules/next/dist/client/dev/hot-reloader/app/hot-reloader-app.js:196
[    8376ms] [LOG] [Fast Refresh] done in 2159ms @ webpack-internal:///(app-pages-browser)/./node_modules/next/dist/client/dev/report-hmr-latency.js:13
