[     892ms] [LOG] %c[Vercel Speed Insights]%c [vitals] color: rgb(120, 120, 120) color: inherit {speed: 4g, metrics: Array(1), scriptVersion: 0.1.3, sdkName: @vercel/speed-insights/next, sdkVersion: 1.3.1} /_vercel/speed-insights/vitals @ https://va.vercel-scripts.com/v1/speed-insights/script.debug.js:0
[     893ms] [LOG] %c[Vercel Speed Insights]%c [vitals] color: rgb(120, 120, 120) color: inherit {speed: 4g, metrics: Array(1), scriptVersion: 0.1.3, sdkName: @vercel/speed-insights/next, sdkVersion: 1.3.1} /_vercel/speed-insights/vitals @ https://va.vercel-scripts.com/v1/speed-insights/script.debug.js:0
[    1429ms] [INFO] %cDownload the React DevTools for a better development experience: https://react.dev/link/react-devtools font-weight:bold @ webpack-internal:///(app-pages-browser)/./node_modules/next/dist/compiled/react-dom/cjs/react-dom-client.development.js:25630
[    1674ms] [LOG] %c[Vercel Web Analytics]%c Debug mode is enabled by default in development. No requests will be sent to the server. color: rgb(120, 120, 120) color: inherit @ https://va.vercel-scripts.com/v1/script.debug.js:0
[    1674ms] [LOG] %c[Vercel Web Analytics]%c Running queued event color: rgb(120, 120, 120) color: inherit pageview {route: /dashboard/properties, path: /dashboard/properties} @ https://va.vercel-scripts.com/v1/script.debug.js:0
[    1675ms] [LOG] %c[Vercel Web Analytics]%c [view] http://localhost:3000/dashboard/properties color: rgb(120, 120, 120) color: inherit {o: http://localhost:3000/dashboard/properties, sv: 0.1.3, sdkn: @vercel/analytics/next, sdkv: 1.3.1, ts: 1776429134919} /_vercel/insights/view @ https://va.vercel-scripts.com/v1/script.debug.js:0
[    1678ms] [LOG] %c[Vercel Speed Insights]%c Debug mode is enabled by default in development. No requests will be sent to the server. color: rgb(120, 120, 120) color: inherit @ https://va.vercel-scripts.com/v1/speed-insights/script.debug.js:0
[    2697ms] [WARNING] Image with src "https://kegbfovpvsabcynekmxq.supabase.co/storage/v1/object/public/property-images/63a0ad4d-9b1b-4b96-929d-d77eb3ba7360/1776064650918_Cocina2.jpg" is using quality "60" which is not configured in images.qualities. This config will be required starting in Next.js 16.
Read more: https://nextjs.org/docs/messages/next-image-unconfigured-qualities @ webpack-internal:///(app-pages-browser)/./node_modules/next/dist/shared/lib/utils/warn-once.js:15
[    2713ms] [WARNING] Image with src "https://kegbfovpvsabcynekmxq.supabase.co/storage/v1/object/public/property-images/63a0ad4d-9b1b-4b96-929d-d77eb3ba7360/1775661988825_IMG_20260221_150355.jpg" is using quality "60" which is not configured in images.qualities. This config will be required starting in Next.js 16.
Read more: https://nextjs.org/docs/messages/next-image-unconfigured-qualities @ webpack-internal:///(app-pages-browser)/./node_modules/next/dist/shared/lib/utils/warn-once.js:15
[    2720ms] [WARNING] Image with src "https://kegbfovpvsabcynekmxq.supabase.co/storage/v1/object/public/property-images/63a0ad4d-9b1b-4b96-929d-d77eb3ba7360/1774097340367_images.jpg" is using quality "60" which is not configured in images.qualities. This config will be required starting in Next.js 16.
Read more: https://nextjs.org/docs/messages/next-image-unconfigured-qualities @ webpack-internal:///(app-pages-browser)/./node_modules/next/dist/shared/lib/utils/warn-once.js:15
[    2728ms] [WARNING] Image with src "https://kegbfovpvsabcynekmxq.supabase.co/storage/v1/object/public/property-images/63a0ad4d-9b1b-4b96-929d-d77eb3ba7360/1773052376726_jardines2.jpg" is using quality "60" which is not configured in images.qualities. This config will be required starting in Next.js 16.
Read more: https://nextjs.org/docs/messages/next-image-unconfigured-qualities @ webpack-internal:///(app-pages-browser)/./node_modules/next/dist/shared/lib/utils/warn-once.js:15
[    2734ms] [WARNING] Image with src "https://kegbfovpvsabcynekmxq.supabase.co/storage/v1/object/public/property-images/63a0ad4d-9b1b-4b96-929d-d77eb3ba7360/1772655283885_Terraza luminosa con detalles coloridos.png" is using quality "60" which is not configured in images.qualities. This config will be required starting in Next.js 16.
Read more: https://nextjs.org/docs/messages/next-image-unconfigured-qualities @ webpack-internal:///(app-pages-browser)/./node_modules/next/dist/shared/lib/utils/warn-once.js:15
[    2741ms] [WARNING] Image with src "https://kegbfovpvsabcynekmxq.supabase.co/storage/v1/object/public/property-images/63a0ad4d-9b1b-4b96-929d-d77eb3ba7360/1772435416417_jardines2.jpg" is using quality "60" which is not configured in images.qualities. This config will be required starting in Next.js 16.
Read more: https://nextjs.org/docs/messages/next-image-unconfigured-qualities @ webpack-internal:///(app-pages-browser)/./node_modules/next/dist/shared/lib/utils/warn-once.js:15
[    2747ms] [WARNING] Image with src "https://kegbfovpvsabcynekmxq.supabase.co/storage/v1/object/public/property-images/63a0ad4d-9b1b-4b96-929d-d77eb3ba7360/1772221142025_detalles1.jpg" is using quality "60" which is not configured in images.qualities. This config will be required starting in Next.js 16.
Read more: https://nextjs.org/docs/messages/next-image-unconfigured-qualities @ webpack-internal:///(app-pages-browser)/./node_modules/next/dist/shared/lib/utils/warn-once.js:15
[    2759ms] [WARNING] Image with src "https://kegbfovpvsabcynekmxq.supabase.co/storage/v1/object/public/property-images/63a0ad4d-9b1b-4b96-929d-d77eb3ba7360/1772218957127_teletrabajo.jpg" is using quality "60" which is not configured in images.qualities. This config will be required starting in Next.js 16.
Read more: https://nextjs.org/docs/messages/next-image-unconfigured-qualities @ webpack-internal:///(app-pages-browser)/./node_modules/next/dist/shared/lib/utils/warn-once.js:15
[    2764ms] [WARNING] Image with src "https://kegbfovpvsabcynekmxq.supabase.co/storage/v1/object/public/property-images/63a0ad4d-9b1b-4b96-929d-d77eb3ba7360/1772105468911_1000050694.jpg" is using quality "60" which is not configured in images.qualities. This config will be required starting in Next.js 16.
Read more: https://nextjs.org/docs/messages/next-image-unconfigured-qualities @ webpack-internal:///(app-pages-browser)/./node_modules/next/dist/shared/lib/utils/warn-once.js:15
[    2768ms] [WARNING] Image with src "https://kegbfovpvsabcynekmxq.supabase.co/storage/v1/object/public/property-images/63a0ad4d-9b1b-4b96-929d-d77eb3ba7360/1771951759084_IMG_20211208_094537.jpg" is using quality "60" which is not configured in images.qualities. This config will be required starting in Next.js 16.
Read more: https://nextjs.org/docs/messages/next-image-unconfigured-qualities @ webpack-internal:///(app-pages-browser)/./node_modules/next/dist/shared/lib/utils/warn-once.js:15
[    2782ms] [WARNING] Image with src "https://kegbfovpvsabcynekmxq.supabase.co/storage/v1/object/public/property-images/63a0ad4d-9b1b-4b96-929d-d77eb3ba7360/1772686897834_IMG_20250515_110415.jpg" is using quality "60" which is not configured in images.qualities. This config will be required starting in Next.js 16.
Read more: https://nextjs.org/docs/messages/next-image-unconfigured-qualities @ webpack-internal:///(app-pages-browser)/./node_modules/next/dist/shared/lib/utils/warn-once.js:15
[    2793ms] [WARNING] Image with src "https://kegbfovpvsabcynekmxq.supabase.co/storage/v1/object/public/property-images/63a0ad4d-9b1b-4b96-929d-d77eb3ba7360/1771684117009_994276336.jpg" is using quality "60" which is not configured in images.qualities. This config will be required starting in Next.js 16.
Read more: https://nextjs.org/docs/messages/next-image-unconfigured-qualities @ webpack-internal:///(app-pages-browser)/./node_modules/next/dist/shared/lib/utils/warn-once.js:15
[    2797ms] [WARNING] Image with src "https://kegbfovpvsabcynekmxq.supabase.co/storage/v1/object/public/property-images/63a0ad4d-9b1b-4b96-929d-d77eb3ba7360/1771657296241_548622164.avif" is using quality "60" which is not configured in images.qualities. This config will be required starting in Next.js 16.
Read more: https://nextjs.org/docs/messages/next-image-unconfigured-qualities @ webpack-internal:///(app-pages-browser)/./node_modules/next/dist/shared/lib/utils/warn-once.js:15
[    2802ms] [WARNING] Image with src "https://kegbfovpvsabcynekmxq.supabase.co/storage/v1/object/public/property-images/63a0ad4d-9b1b-4b96-929d-d77eb3ba7360/1771655134003_994276320.jpg" is using quality "60" which is not configured in images.qualities. This config will be required starting in Next.js 16.
Read more: https://nextjs.org/docs/messages/next-image-unconfigured-qualities @ webpack-internal:///(app-pages-browser)/./node_modules/next/dist/shared/lib/utils/warn-once.js:15
[    2806ms] [WARNING] Image with src "https://kegbfovpvsabcynekmxq.supabase.co/storage/v1/object/public/property-images/63a0ad4d-9b1b-4b96-929d-d77eb3ba7360/1771272735312_dprincipal2.jpg" is using quality "60" which is not configured in images.qualities. This config will be required starting in Next.js 16.
Read more: https://nextjs.org/docs/messages/next-image-unconfigured-qualities @ webpack-internal:///(app-pages-browser)/./node_modules/next/dist/shared/lib/utils/warn-once.js:15
[    2811ms] [WARNING] Image with src "https://kegbfovpvsabcynekmxq.supabase.co/storage/v1/object/public/property-images/63a0ad4d-9b1b-4b96-929d-d77eb3ba7360/1771168679859_IMG_20211208_094537.jpg" is using quality "60" which is not configured in images.qualities. This config will be required starting in Next.js 16.
Read more: https://nextjs.org/docs/messages/next-image-unconfigured-qualities @ webpack-internal:///(app-pages-browser)/./node_modules/next/dist/shared/lib/utils/warn-once.js:15
[    2815ms] [WARNING] Image with src "https://kegbfovpvsabcynekmxq.supabase.co/storage/v1/object/public/property-images/63a0ad4d-9b1b-4b96-929d-d77eb3ba7360/1771168322851_urba1.jpg" is using quality "60" which is not configured in images.qualities. This config will be required starting in Next.js 16.
Read more: https://nextjs.org/docs/messages/next-image-unconfigured-qualities @ webpack-internal:///(app-pages-browser)/./node_modules/next/dist/shared/lib/utils/warn-once.js:15
[    2819ms] [WARNING] Image with src "https://kegbfovpvsabcynekmxq.supabase.co/storage/v1/object/public/property-images/63a0ad4d-9b1b-4b96-929d-d77eb3ba7360/1771167958494_terraza1.jpg" is using quality "60" which is not configured in images.qualities. This config will be required starting in Next.js 16.
Read more: https://nextjs.org/docs/messages/next-image-unconfigured-qualities @ webpack-internal:///(app-pages-browser)/./node_modules/next/dist/shared/lib/utils/warn-once.js:15
[    2824ms] [WARNING] Image with src "https://kegbfovpvsabcynekmxq.supabase.co/storage/v1/object/public/property-images/63a0ad4d-9b1b-4b96-929d-d77eb3ba7360/1770996722224_Terraza luminosa con detalles coloridos.png" is using quality "60" which is not configured in images.qualities. This config will be required starting in Next.js 16.
Read more: https://nextjs.org/docs/messages/next-image-unconfigured-qualities @ webpack-internal:///(app-pages-browser)/./node_modules/next/dist/shared/lib/utils/warn-once.js:15
[    2832ms] [WARNING] Image with src "https://kegbfovpvsabcynekmxq.supabase.co/storage/v1/object/public/property-images/63a0ad4d-9b1b-4b96-929d-d77eb3ba7360/1770388392168_IMG_20250515_110415.jpg" is using quality "60" which is not configured in images.qualities. This config will be required starting in Next.js 16.
Read more: https://nextjs.org/docs/messages/next-image-unconfigured-qualities @ webpack-internal:///(app-pages-browser)/./node_modules/next/dist/shared/lib/utils/warn-once.js:15
[   10951ms] [LOG] [Fast Refresh] rebuilding @ webpack-internal:///(app-pages-browser)/./node_modules/next/dist/client/dev/hot-reloader/app/hot-reloader-app.js:196
[   11277ms] [LOG] [Fast Refresh] done in 326ms @ webpack-internal:///(app-pages-browser)/./node_modules/next/dist/client/dev/report-hmr-latency.js:13
[   11299ms] [WARNING] Image with src "https://kegbfovpvsabcynekmxq.supabase.co/storage/v1/object/public/property-images/63a0ad4d-9b1b-4b96-929d-d77eb3ba7360/1773052376726_jardines2.jpg" was detected as the Largest Contentful Paint (LCP). Please add the "priority" property if this image is above the fold.
Read more: https://nextjs.org/docs/api-reference/next/image#priority @ webpack-internal:///(app-pages-browser)/./node_modules/next/dist/shared/lib/utils/warn-once.js:15
[   19339ms] [LOG] [Fast Refresh] rebuilding @ webpack-internal:///(app-pages-browser)/./node_modules/next/dist/client/dev/hot-reloader/app/hot-reloader-app.js:196
[   19597ms] [LOG] [Fast Refresh] rebuilding @ webpack-internal:///(app-pages-browser)/./node_modules/next/dist/client/dev/hot-reloader/app/hot-reloader-app.js:196
[   19662ms] [LOG] [Fast Refresh] done in 65ms @ webpack-internal:///(app-pages-browser)/./node_modules/next/dist/client/dev/report-hmr-latency.js:13
[   19853ms] [LOG] [Fast Refresh] done in 256ms @ webpack-internal:///(app-pages-browser)/./node_modules/next/dist/client/dev/report-hmr-latency.js:13
[  117806ms] [LOG] [Fast Refresh] rebuilding @ webpack-internal:///(app-pages-browser)/./node_modules/next/dist/client/dev/hot-reloader/app/hot-reloader-app.js:196
[  118799ms] [LOG] [Fast Refresh] done in 992ms @ webpack-internal:///(app-pages-browser)/./node_modules/next/dist/client/dev/report-hmr-latency.js:13
[  144091ms] [LOG] [Fast Refresh] rebuilding @ webpack-internal:///(app-pages-browser)/./node_modules/next/dist/client/dev/hot-reloader/app/hot-reloader-app.js:196
[  145038ms] [LOG] [Fast Refresh] done in 947ms @ webpack-internal:///(app-pages-browser)/./node_modules/next/dist/client/dev/report-hmr-latency.js:13
[  159699ms] [LOG] [Fast Refresh] rebuilding @ webpack-internal:///(app-pages-browser)/./node_modules/next/dist/client/dev/hot-reloader/app/hot-reloader-app.js:196
[  160195ms] [LOG] [Fast Refresh] done in 497ms @ webpack-internal:///(app-pages-browser)/./node_modules/next/dist/client/dev/report-hmr-latency.js:13
[  168205ms] [LOG] [Fast Refresh] rebuilding @ webpack-internal:///(app-pages-browser)/./node_modules/next/dist/client/dev/hot-reloader/app/hot-reloader-app.js:196
[  169062ms] [LOG] [Fast Refresh] done in 857ms @ webpack-internal:///(app-pages-browser)/./node_modules/next/dist/client/dev/report-hmr-latency.js:13
